INFO: [vitis-run 60-1548] Creating build summary session with primary output /home/mgianell/KF/KalmanFil/KalmanFil/KalmanFil.hlsrun_csim_summary, at Thu Oct 31 11:51:48 2024
INFO: [vitis-run 82-31] Launching vitis_hls: vitis_hls -nolog -run csim -work_dir /home/mgianell/KF/KalmanFil/KalmanFil -config /home/mgianell/KF/KalmanFil/hls_config.cfg -cmdlineconfig /home/mgianell/KF/KalmanFil/KalmanFil/hls/config.cmdline

****** Vitis HLS - High-Level Synthesis from C, C++ and OpenCL v2023.2 (64-bit)
  **** SW Build 4023990 on Oct 11 2023
  **** IP Build 4028589 on Sat Oct 14 00:45:43 MDT 2023
  **** SharedData Build 4025554 on Tue Oct 10 17:18:54 MDT 2023
    ** Copyright 1986-2022 Xilinx, Inc. All Rights Reserved.
    ** Copyright 2022-2023 Advanced Micro Devices, Inc. All Rights Reserved.

source /tools/Xilinx/Vitis_HLS/2023.2/scripts/vitis_hls/hls.tcl -notrace
INFO: [HLS 200-10] Running '/tools/Xilinx/Vitis_HLS/2023.2/bin/unwrapped/lnx64.o/vitis_hls'
INFO: [HLS 200-10] For user 'mgianell' on host 'fpga-tools' (Linux_x86_64 version 5.4.0-198-generic) on Thu Oct 31 11:51:50 UTC 2024
INFO: [HLS 200-10] On os Ubuntu 20.04.4 LTS
INFO: [HLS 200-10] In directory '/home/mgianell/KF/KalmanFil'
INFO: [HLS 200-1909] Reading HLS ini file /home/mgianell/KF/KalmanFil/hls_config.cfg
INFO: [HLS 200-1909] Reading HLS ini file /home/mgianell/KF/KalmanFil/KalmanFil/hls/config.cmdline
INFO: [HLS 200-2005] Using work_dir /home/mgianell/KF/KalmanFil/KalmanFil 
INFO: [HLS 200-1510] Running: open_project /home/mgianell/KF/KalmanFil/KalmanFil -diskless 
INFO: [HLS 200-1510] Running: open_solution hls 
INFO: [HLS 200-1505] Using default flow_target 'vivado'
Resolution: For help on HLS 200-1505 see docs.xilinx.com/access/sources/dita/topic?Doc_Version=2023.2%20English&url=ug1448-hls-guidance&resourceid=200-1505.html
INFO: [HLS 200-1510] Running: apply_ini /home/mgianell/KF/KalmanFil/hls_config.cfg 
INFO: [HLS 200-1909] Reading HLS ini file /home/mgianell/KF/KalmanFil/hls_config.cfg
INFO: [HLS 200-1465] Applying ini 'syn.file=/home/mgianell/KF/KalmanFil/kalman_filter.cpp' at /home/mgianell/KF/KalmanFil/hls_config.cfg(2)
INFO: [HLS 200-10] Adding design file '/home/mgianell/KF/KalmanFil/kalman_filter.cpp' to the project
INFO: [HLS 200-1465] Applying ini 'syn.file=/home/mgianell/KF/KalmanFil/kalman_filter.h' at /home/mgianell/KF/KalmanFil/hls_config.cfg(3)
INFO: [HLS 200-10] Adding design file '/home/mgianell/KF/KalmanFil/kalman_filter.h' to the project
INFO: [HLS 200-1465] Applying ini 'tb.file=kf_test.cpp' at /home/mgianell/KF/KalmanFil/hls_config.cfg(4)
INFO: [HLS 200-10] Adding test bench file '/home/mgianell/KF/KalmanFil/kf_test.cpp' to the project
INFO: [HLS 200-1465] Applying ini 'tb.file=pointcloud_data.txt' at /home/mgianell/KF/KalmanFil/hls_config.cfg(5)
INFO: [HLS 200-10] Adding test bench file '/home/mgianell/KF/KalmanFil/pointcloud_data.txt' to the project
INFO: [HLS 200-1465] Applying ini 'syn.top=process_pointcloud' at /home/mgianell/KF/KalmanFil/hls_config.cfg(7)
INFO: [HLS 200-1465] Applying ini 'clock=250MHz' at /home/mgianell/KF/KalmanFil/hls_config.cfg(6)
INFO: [SYN 201-201] Setting up clock 'default' with a period of 4ns.
INFO: [HLS 200-1510] Running: apply_ini /home/mgianell/KF/KalmanFil/KalmanFil/hls/config.cmdline 
INFO: [HLS 200-1909] Reading HLS ini file /home/mgianell/KF/KalmanFil/KalmanFil/hls/config.cmdline
INFO: [HLS 200-1510] Running: csim_design 
INFO: [SIM 211-2] *************** CSIM start ***************
INFO: [SIM 211-4] CSIM will launch GCC as the compiler.
INFO: [HLS 200-2036] Building debug C Simulation binaries
   Compiling ../../../../kf_test.cpp in debug mode
   Compiling ../../../../kalman_filter.cpp in debug mode
   Generating csim.exe
Updated map after processing point cloud:
Cell (1, 2): Height = 1.83337, Variance = 0.094313
Cell (2, 3): Height = 1.84776, Variance = 0.0981995
Cell (3, 4): Height = 1.70316, Variance = 0.18897
Cell (11, 12): Height = 2.05492, Variance = 0.185954
Cell (12, 12): Height = 1.70961, Variance = 0.321583
Cell (12, 13): Height = 1.71391, Variance = 0.333109
Cell (12, 14): Height = 1.70996, Variance = 0.342322
Test FAILED: Map updates incorrect.
INFO [HLS SIM]: The maximum depth reached by any hls::stream() instance in the design is 10
@E Simulation failed: Function 'main' returns nonzero value '1'.
ERROR: [SIM 211-100] 'csim_design' failed: nonzero return value.
INFO: [SIM 211-3] *************** CSIM finish ***************
INFO: [HLS 200-111] Finished Command csim_design CPU user time: 12.49 seconds. CPU system time: 1.25 seconds. Elapsed time: 14.44 seconds; current allocated memory: 0.688 MB.
INFO: [HLS 200-1510] Running: close_project 
ERROR: 4
INFO: [HLS 200-112] Total CPU user time: 13.43 seconds. Total CPU system time: 1.45 seconds. Total elapsed time: 15.36 seconds; peak allocated memory: 119.270 MB.
INFO: [Common 17-206] Exiting vitis_hls at Thu Oct 31 11:52:05 2024...
