Thu Oct 31 11:48:19 2024: Running xcd server. This server was built by gradle.
Thu Oct 31 11:48:19 2024: Server was asked to start on port: '42859'
Thu Oct 31 11:48:19 2024: Server is using token UUID: '035c6686-127d-48f9-b125-edb424ddbac3'
Thu Oct 31 11:48:19 2024: SESSION_MGR: creating session with session uuid: '6d04a3e9-ade5-4ab9-8d63-1f78fcd2ec76' and name 'default'
Thu Oct 31 11:48:19 2024: Attempting to start server on port '42859'
Thu Oct 31 11:48:19 2024: XCD main fifo: created main fifo '/tmp/xcdmain035c6686-127d-48f9-b125-edb424ddbac3', fd read = 13
Thu Oct 31 11:48:19 2024: Running Dispatch Server
Thu Oct 31 11:48:19 2024: Version 2.2.0
Thu Oct 31 11:48:20 2024: Dispatch Server: Accepted socket connection from client
Thu Oct 31 11:48:20 2024: Starting Socket connection
Thu Oct 31 11:48:20 2024: EXCHANGE_TOKEN received, server token: 035c6686-127d-48f9-b125-edb424ddbac3, passed token: 035c6686-127d-48f9-b125-edb424ddbac3
Thu Oct 31 11:48:20 2024: DISPATCH_HANDLER: Adding handler from function makeHandler in library libxv_system_diagram
Thu Oct 31 11:48:20 2024: SESSION_MGR: creating session with session uuid: '90a3786e-09aa-4017-af8b-7fc9c8d82d9d' and name 'vitis-run_compile_KalmanFil'
Thu Oct 31 11:48:20 2024: KERNEL_SVC: creating session with uuid: '90a3786e-09aa-4017-af8b-7fc9c8d82d9d' and name 'vitis-run_compile_KalmanFil'
Thu Oct 31 11:48:20 2024: GUIDANCE_SMGR: creating guidance session with uuid: '90a3786e-09aa-4017-af8b-7fc9c8d82d9d' and name 'vitis-run_compile_KalmanFil'
Thu Oct 31 11:48:20 2024: SYSTEM_DIAGRAM: creating session with uuid: '90a3786e-09aa-4017-af8b-7fc9c8d82d9d' and name 'vitis-run_compile_KalmanFil'
Thu Oct 31 11:48:23 2024: Dispatch Server: Accepted socket connection from client
Thu Oct 31 11:48:23 2024: Starting Socket connection
Thu Oct 31 11:48:29 2024: SESSION_MGR: closing session for UUID '90a3786e-09aa-4017-af8b-7fc9c8d82d9d' with name 'vitis-run_compile_KalmanFil'
Thu Oct 31 11:48:29 2024: KERNEL_SVC: closing session for UUID '90a3786e-09aa-4017-af8b-7fc9c8d82d9d' with name 'vitis-run_compile_KalmanFil'
Thu Oct 31 11:48:29 2024: GUIDANCE_SMGR: closing session for UUID '90a3786e-09aa-4017-af8b-7fc9c8d82d9d' with name 'vitis-run_compile_KalmanFil'
Thu Oct 31 11:48:29 2024: SYSTEM_DIAGRAM: closing session for UUID '90a3786e-09aa-4017-af8b-7fc9c8d82d9d' with name 'vitis-run_compile_KalmanFil'
Thu Oct 31 11:48:29 2024: STOP_SERVER received, server token: 035c6686-127d-48f9-b125-edb424ddbac3, passed token: 035c6686-127d-48f9-b125-edb424ddbac3
Thu Oct 31 11:48:29 2024: Socket received request to stop server.
Thu Oct 31 11:48:29 2024: Dispatch Server: do_await_stop
Thu Oct 31 11:48:29 2024: Dispatch Server: stopping mainFifo_
Thu Oct 31 11:48:29 2024: XCD main fifo: Stopping
Thu Oct 31 11:48:29 2024: XCD main fifo: do_read error code: Operation canceled
Thu Oct 31 11:48:29 2024: XCD main fifo: bytes_transferred: 0
Thu Oct 31 11:48:29 2024: SERVER: destructor for server bound to port 42859
Thu Oct 31 11:48:29 2024: XCD main fifo: Good unlink of /tmp/xcdmain035c6686-127d-48f9-b125-edb424ddbac3
Thu Oct 31 11:48:29 2024: Server exiting with status 0.
Thu Oct 31 11:48:29 2024: Closing log file.
Thu Oct 31 11:51:47 2024: Running xcd server. This server was built by gradle.
Thu Oct 31 11:51:47 2024: Server was asked to start on port: '42231'
Thu Oct 31 11:51:47 2024: Server is using token UUID: '76de7c91-7739-449f-acf9-fb9228202e79'
Thu Oct 31 11:51:47 2024: SESSION_MGR: creating session with session uuid: '6d04a3e9-ade5-4ab9-8d63-1f78fcd2ec76' and name 'default'
Thu Oct 31 11:51:47 2024: Attempting to start server on port '42231'
Thu Oct 31 11:51:47 2024: XCD main fifo: created main fifo '/tmp/xcdmain76de7c91-7739-449f-acf9-fb9228202e79', fd read = 13
Thu Oct 31 11:51:47 2024: Running Dispatch Server
Thu Oct 31 11:51:47 2024: Version 2.2.0
Thu Oct 31 11:51:48 2024: Dispatch Server: Accepted socket connection from client
Thu Oct 31 11:51:48 2024: Starting Socket connection
Thu Oct 31 11:51:48 2024: EXCHANGE_TOKEN received, server token: 76de7c91-7739-449f-acf9-fb9228202e79, passed token: 76de7c91-7739-449f-acf9-fb9228202e79
Thu Oct 31 11:51:48 2024: DISPATCH_HANDLER: Adding handler from function makeHandler in library libxv_system_diagram
Thu Oct 31 11:51:48 2024: SESSION_MGR: creating session with session uuid: 'aa868443-e469-42d2-aeb9-ccb4f5a19166' and name 'vitis-run_compile_KalmanFil'
Thu Oct 31 11:51:48 2024: KERNEL_SVC: creating session with uuid: 'aa868443-e469-42d2-aeb9-ccb4f5a19166' and name 'vitis-run_compile_KalmanFil'
Thu Oct 31 11:51:48 2024: GUIDANCE_SMGR: creating guidance session with uuid: 'aa868443-e469-42d2-aeb9-ccb4f5a19166' and name 'vitis-run_compile_KalmanFil'
Thu Oct 31 11:51:48 2024: SYSTEM_DIAGRAM: creating session with uuid: 'aa868443-e469-42d2-aeb9-ccb4f5a19166' and name 'vitis-run_compile_KalmanFil'
Thu Oct 31 11:51:50 2024: Dispatch Server: Accepted socket connection from client
Thu Oct 31 11:51:50 2024: Starting Socket connection
Thu Oct 31 11:52:05 2024: SESSION_MGR: closing session for UUID 'aa868443-e469-42d2-aeb9-ccb4f5a19166' with name 'vitis-run_compile_KalmanFil'
Thu Oct 31 11:52:05 2024: KERNEL_SVC: closing session for UUID 'aa868443-e469-42d2-aeb9-ccb4f5a19166' with name 'vitis-run_compile_KalmanFil'
Thu Oct 31 11:52:05 2024: GUIDANCE_SMGR: closing session for UUID 'aa868443-e469-42d2-aeb9-ccb4f5a19166' with name 'vitis-run_compile_KalmanFil'
Thu Oct 31 11:52:05 2024: SYSTEM_DIAGRAM: closing session for UUID 'aa868443-e469-42d2-aeb9-ccb4f5a19166' with name 'vitis-run_compile_KalmanFil'
Thu Oct 31 11:52:05 2024: STOP_SERVER received, server token: 76de7c91-7739-449f-acf9-fb9228202e79, passed token: 76de7c91-7739-449f-acf9-fb9228202e79
Thu Oct 31 11:52:05 2024: Socket received request to stop server.
Thu Oct 31 11:52:05 2024: Dispatch Server: do_await_stop
Thu Oct 31 11:52:05 2024: Dispatch Server: stopping mainFifo_
Thu Oct 31 11:52:05 2024: XCD main fifo: Stopping
Thu Oct 31 11:52:05 2024: XCD main fifo: do_read error code: Operation canceled
Thu Oct 31 11:52:05 2024: XCD main fifo: bytes_transferred: 0
Thu Oct 31 11:52:05 2024: SERVER: destructor for server bound to port 42231
Thu Oct 31 11:52:05 2024: XCD main fifo: Good unlink of /tmp/xcdmain76de7c91-7739-449f-acf9-fb9228202e79
Thu Oct 31 11:52:05 2024: Server exiting with status 0.
Thu Oct 31 11:52:05 2024: Closing log file.
Thu Oct 31 12:07:50 2024: Running xcd server. This server was built by gradle.
Thu Oct 31 12:07:50 2024: Server was asked to start on port: '45181'
Thu Oct 31 12:07:50 2024: Server is using token UUID: 'd5f27257-5818-4fff-9003-107125668bda'
Thu Oct 31 12:07:50 2024: SESSION_MGR: creating session with session uuid: '6d04a3e9-ade5-4ab9-8d63-1f78fcd2ec76' and name 'default'
Thu Oct 31 12:07:50 2024: Attempting to start server on port '45181'
Thu Oct 31 12:07:50 2024: XCD main fifo: created main fifo '/tmp/xcdmaind5f27257-5818-4fff-9003-107125668bda', fd read = 13
Thu Oct 31 12:07:50 2024: Running Dispatch Server
Thu Oct 31 12:07:50 2024: Version 2.2.0
Thu Oct 31 12:07:51 2024: Dispatch Server: Accepted socket connection from client
Thu Oct 31 12:07:51 2024: Starting Socket connection
Thu Oct 31 12:07:51 2024: EXCHANGE_TOKEN received, server token: d5f27257-5818-4fff-9003-107125668bda, passed token: d5f27257-5818-4fff-9003-107125668bda
Thu Oct 31 12:07:51 2024: DISPATCH_HANDLER: Adding handler from function makeHandler in library libxv_system_diagram
Thu Oct 31 12:07:51 2024: SESSION_MGR: creating session with session uuid: '1490ff78-2ae3-4527-b40a-a89fe70d9a84' and name 'vitis-run_compile_KalmanFil'
Thu Oct 31 12:07:51 2024: KERNEL_SVC: creating session with uuid: '1490ff78-2ae3-4527-b40a-a89fe70d9a84' and name 'vitis-run_compile_KalmanFil'
Thu Oct 31 12:07:51 2024: GUIDANCE_SMGR: creating guidance session with uuid: '1490ff78-2ae3-4527-b40a-a89fe70d9a84' and name 'vitis-run_compile_KalmanFil'
Thu Oct 31 12:07:51 2024: SYSTEM_DIAGRAM: creating session with uuid: '1490ff78-2ae3-4527-b40a-a89fe70d9a84' and name 'vitis-run_compile_KalmanFil'
Thu Oct 31 12:07:54 2024: Dispatch Server: Accepted socket connection from client
Thu Oct 31 12:07:54 2024: Starting Socket connection
Thu Oct 31 12:08:01 2024: SESSION_MGR: closing session for UUID '1490ff78-2ae3-4527-b40a-a89fe70d9a84' with name 'vitis-run_compile_KalmanFil'
Thu Oct 31 12:08:01 2024: KERNEL_SVC: closing session for UUID '1490ff78-2ae3-4527-b40a-a89fe70d9a84' with name 'vitis-run_compile_KalmanFil'
Thu Oct 31 12:08:01 2024: GUIDANCE_SMGR: closing session for UUID '1490ff78-2ae3-4527-b40a-a89fe70d9a84' with name 'vitis-run_compile_KalmanFil'
Thu Oct 31 12:08:01 2024: SYSTEM_DIAGRAM: closing session for UUID '1490ff78-2ae3-4527-b40a-a89fe70d9a84' with name 'vitis-run_compile_KalmanFil'
Thu Oct 31 12:08:01 2024: STOP_SERVER received, server token: d5f27257-5818-4fff-9003-107125668bda, passed token: d5f27257-5818-4fff-9003-107125668bda
Thu Oct 31 12:08:01 2024: Socket received request to stop server.
Thu Oct 31 12:08:01 2024: Dispatch Server: do_await_stop
Thu Oct 31 12:08:01 2024: Dispatch Server: stopping mainFifo_
Thu Oct 31 12:08:01 2024: XCD main fifo: Stopping
Thu Oct 31 12:08:01 2024: XCD main fifo: do_read error code: Operation canceled
Thu Oct 31 12:08:01 2024: XCD main fifo: bytes_transferred: 0
Thu Oct 31 12:08:01 2024: SERVER: destructor for server bound to port 45181
Thu Oct 31 12:08:01 2024: XCD main fifo: Good unlink of /tmp/xcdmaind5f27257-5818-4fff-9003-107125668bda
Thu Oct 31 12:08:01 2024: Server exiting with status 0.
Thu Oct 31 12:08:01 2024: Closing log file.
Thu Oct 31 12:17:40 2024: Running xcd server. This server was built by gradle.
Thu Oct 31 12:17:40 2024: Server was asked to start on port: '35525'
Thu Oct 31 12:17:40 2024: Server is using token UUID: 'b6e198c7-23e5-49d1-b1ee-d22f30356daf'
Thu Oct 31 12:17:40 2024: SESSION_MGR: creating session with session uuid: '6d04a3e9-ade5-4ab9-8d63-1f78fcd2ec76' and name 'default'
Thu Oct 31 12:17:40 2024: Attempting to start server on port '35525'
Thu Oct 31 12:17:40 2024: XCD main fifo: created main fifo '/tmp/xcdmainb6e198c7-23e5-49d1-b1ee-d22f30356daf', fd read = 13
Thu Oct 31 12:17:40 2024: Running Dispatch Server
Thu Oct 31 12:17:40 2024: Version 2.2.0
Thu Oct 31 12:17:41 2024: Dispatch Server: Accepted socket connection from client
Thu Oct 31 12:17:41 2024: Starting Socket connection
Thu Oct 31 12:17:41 2024: EXCHANGE_TOKEN received, server token: b6e198c7-23e5-49d1-b1ee-d22f30356daf, passed token: b6e198c7-23e5-49d1-b1ee-d22f30356daf
Thu Oct 31 12:17:41 2024: DISPATCH_HANDLER: Adding handler from function makeHandler in library libxv_system_diagram
Thu Oct 31 12:17:41 2024: SESSION_MGR: creating session with session uuid: 'b8949fb6-9210-49e3-ab30-2e203262895d' and name 'vitis-run_compile_KalmanFil'
Thu Oct 31 12:17:41 2024: KERNEL_SVC: creating session with uuid: 'b8949fb6-9210-49e3-ab30-2e203262895d' and name 'vitis-run_compile_KalmanFil'
Thu Oct 31 12:17:41 2024: GUIDANCE_SMGR: creating guidance session with uuid: 'b8949fb6-9210-49e3-ab30-2e203262895d' and name 'vitis-run_compile_KalmanFil'
Thu Oct 31 12:17:41 2024: SYSTEM_DIAGRAM: creating session with uuid: 'b8949fb6-9210-49e3-ab30-2e203262895d' and name 'vitis-run_compile_KalmanFil'
Thu Oct 31 12:17:44 2024: Dispatch Server: Accepted socket connection from client
Thu Oct 31 12:17:44 2024: Starting Socket connection
Thu Oct 31 12:17:51 2024: SESSION_MGR: closing session for UUID 'b8949fb6-9210-49e3-ab30-2e203262895d' with name 'vitis-run_compile_KalmanFil'
Thu Oct 31 12:17:51 2024: KERNEL_SVC: closing session for UUID 'b8949fb6-9210-49e3-ab30-2e203262895d' with name 'vitis-run_compile_KalmanFil'
Thu Oct 31 12:17:51 2024: GUIDANCE_SMGR: closing session for UUID 'b8949fb6-9210-49e3-ab30-2e203262895d' with name 'vitis-run_compile_KalmanFil'
Thu Oct 31 12:17:51 2024: SYSTEM_DIAGRAM: closing session for UUID 'b8949fb6-9210-49e3-ab30-2e203262895d' with name 'vitis-run_compile_KalmanFil'
Thu Oct 31 12:17:51 2024: STOP_SERVER received, server token: b6e198c7-23e5-49d1-b1ee-d22f30356daf, passed token: b6e198c7-23e5-49d1-b1ee-d22f30356daf
Thu Oct 31 12:17:51 2024: Socket received request to stop server.
Thu Oct 31 12:17:51 2024: Dispatch Server: do_await_stop
Thu Oct 31 12:17:51 2024: Dispatch Server: stopping mainFifo_
Thu Oct 31 12:17:51 2024: XCD main fifo: Stopping
Thu Oct 31 12:17:51 2024: XCD main fifo: do_read error code: Operation canceled
Thu Oct 31 12:17:51 2024: XCD main fifo: bytes_transferred: 0
Thu Oct 31 12:17:51 2024: SERVER: destructor for server bound to port 35525
Thu Oct 31 12:17:51 2024: XCD main fifo: Good unlink of /tmp/xcdmainb6e198c7-23e5-49d1-b1ee-d22f30356daf
Thu Oct 31 12:17:51 2024: Server exiting with status 0.
Thu Oct 31 12:17:51 2024: Closing log file.
Thu Oct 31 12:19:04 2024: Running xcd server. This server was built by gradle.
Thu Oct 31 12:19:04 2024: Server was asked to start on port: '40517'
Thu Oct 31 12:19:04 2024: Server is using token UUID: '038631d7-3569-413d-94a5-4caba7539b61'
Thu Oct 31 12:19:04 2024: SESSION_MGR: creating session with session uuid: '6d04a3e9-ade5-4ab9-8d63-1f78fcd2ec76' and name 'default'
Thu Oct 31 12:19:04 2024: Attempting to start server on port '40517'
Thu Oct 31 12:19:04 2024: XCD main fifo: created main fifo '/tmp/xcdmain038631d7-3569-413d-94a5-4caba7539b61', fd read = 13
Thu Oct 31 12:19:04 2024: Running Dispatch Server
Thu Oct 31 12:19:04 2024: Version 2.2.0
Thu Oct 31 12:19:05 2024: Dispatch Server: Accepted socket connection from client
Thu Oct 31 12:19:05 2024: Starting Socket connection
Thu Oct 31 12:19:05 2024: EXCHANGE_TOKEN received, server token: 038631d7-3569-413d-94a5-4caba7539b61, passed token: 038631d7-3569-413d-94a5-4caba7539b61
Thu Oct 31 12:19:05 2024: DISPATCH_HANDLER: Adding handler from function makeHandler in library libxv_system_diagram
Thu Oct 31 12:19:05 2024: SESSION_MGR: creating session with session uuid: 'f7197def-ef6a-43ee-b950-a62a9f7c3882' and name 'vitis-run_compile_KalmanFil'
Thu Oct 31 12:19:05 2024: KERNEL_SVC: creating session with uuid: 'f7197def-ef6a-43ee-b950-a62a9f7c3882' and name 'vitis-run_compile_KalmanFil'
Thu Oct 31 12:19:05 2024: GUIDANCE_SMGR: creating guidance session with uuid: 'f7197def-ef6a-43ee-b950-a62a9f7c3882' and name 'vitis-run_compile_KalmanFil'
Thu Oct 31 12:19:05 2024: SYSTEM_DIAGRAM: creating session with uuid: 'f7197def-ef6a-43ee-b950-a62a9f7c3882' and name 'vitis-run_compile_KalmanFil'
Thu Oct 31 12:19:07 2024: Dispatch Server: Accepted socket connection from client
Thu Oct 31 12:19:07 2024: Starting Socket connection
Thu Oct 31 12:19:14 2024: SESSION_MGR: closing session for UUID 'f7197def-ef6a-43ee-b950-a62a9f7c3882' with name 'vitis-run_compile_KalmanFil'
Thu Oct 31 12:19:14 2024: KERNEL_SVC: closing session for UUID 'f7197def-ef6a-43ee-b950-a62a9f7c3882' with name 'vitis-run_compile_KalmanFil'
Thu Oct 31 12:19:14 2024: GUIDANCE_SMGR: closing session for UUID 'f7197def-ef6a-43ee-b950-a62a9f7c3882' with name 'vitis-run_compile_KalmanFil'
Thu Oct 31 12:19:14 2024: SYSTEM_DIAGRAM: closing session for UUID 'f7197def-ef6a-43ee-b950-a62a9f7c3882' with name 'vitis-run_compile_KalmanFil'
Thu Oct 31 12:19:14 2024: STOP_SERVER received, server token: 038631d7-3569-413d-94a5-4caba7539b61, passed token: 038631d7-3569-413d-94a5-4caba7539b61
Thu Oct 31 12:19:14 2024: Socket received request to stop server.
Thu Oct 31 12:19:14 2024: Dispatch Server: do_await_stop
Thu Oct 31 12:19:14 2024: Dispatch Server: stopping mainFifo_
Thu Oct 31 12:19:14 2024: XCD main fifo: Stopping
Thu Oct 31 12:19:14 2024: XCD main fifo: do_read error code: Operation canceled
Thu Oct 31 12:19:14 2024: XCD main fifo: bytes_transferred: 0
Thu Oct 31 12:19:14 2024: SERVER: destructor for server bound to port 40517
Thu Oct 31 12:19:14 2024: XCD main fifo: Good unlink of /tmp/xcdmain038631d7-3569-413d-94a5-4caba7539b61
Thu Oct 31 12:19:14 2024: Server exiting with status 0.
Thu Oct 31 12:19:14 2024: Closing log file.
Thu Oct 31 12:19:25 2024: Running xcd server. This server was built by gradle.
Thu Oct 31 12:19:25 2024: Server was asked to start on port: '42129'
Thu Oct 31 12:19:25 2024: Server is using token UUID: 'db7179ed-9cbc-455e-b3c2-dbb52dd62286'
Thu Oct 31 12:19:25 2024: SESSION_MGR: creating session with session uuid: '6d04a3e9-ade5-4ab9-8d63-1f78fcd2ec76' and name 'default'
Thu Oct 31 12:19:25 2024: Attempting to start server on port '42129'
Thu Oct 31 12:19:25 2024: XCD main fifo: created main fifo '/tmp/xcdmaindb7179ed-9cbc-455e-b3c2-dbb52dd62286', fd read = 13
Thu Oct 31 12:19:25 2024: Running Dispatch Server
Thu Oct 31 12:19:25 2024: Version 2.2.0
Thu Oct 31 12:19:26 2024: Dispatch Server: Accepted socket connection from client
Thu Oct 31 12:19:26 2024: Starting Socket connection
Thu Oct 31 12:19:26 2024: EXCHANGE_TOKEN received, server token: db7179ed-9cbc-455e-b3c2-dbb52dd62286, passed token: db7179ed-9cbc-455e-b3c2-dbb52dd62286
Thu Oct 31 12:19:26 2024: DISPATCH_HANDLER: Adding handler from function makeHandler in library libxv_system_diagram
Thu Oct 31 12:19:26 2024: SESSION_MGR: creating session with session uuid: '5abb734c-07ac-4281-9d01-d0a1873527f4' and name 'vitis-run_compile_KalmanFil'
Thu Oct 31 12:19:26 2024: KERNEL_SVC: creating session with uuid: '5abb734c-07ac-4281-9d01-d0a1873527f4' and name 'vitis-run_compile_KalmanFil'
Thu Oct 31 12:19:26 2024: GUIDANCE_SMGR: creating guidance session with uuid: '5abb734c-07ac-4281-9d01-d0a1873527f4' and name 'vitis-run_compile_KalmanFil'
Thu Oct 31 12:19:26 2024: SYSTEM_DIAGRAM: creating session with uuid: '5abb734c-07ac-4281-9d01-d0a1873527f4' and name 'vitis-run_compile_KalmanFil'
Thu Oct 31 12:19:29 2024: Dispatch Server: Accepted socket connection from client
Thu Oct 31 12:19:29 2024: Starting Socket connection
Thu Oct 31 12:19:36 2024: SESSION_MGR: closing session for UUID '5abb734c-07ac-4281-9d01-d0a1873527f4' with name 'vitis-run_compile_KalmanFil'
Thu Oct 31 12:19:36 2024: KERNEL_SVC: closing session for UUID '5abb734c-07ac-4281-9d01-d0a1873527f4' with name 'vitis-run_compile_KalmanFil'
Thu Oct 31 12:19:36 2024: GUIDANCE_SMGR: closing session for UUID '5abb734c-07ac-4281-9d01-d0a1873527f4' with name 'vitis-run_compile_KalmanFil'
Thu Oct 31 12:19:36 2024: SYSTEM_DIAGRAM: closing session for UUID '5abb734c-07ac-4281-9d01-d0a1873527f4' with name 'vitis-run_compile_KalmanFil'
Thu Oct 31 12:19:36 2024: STOP_SERVER received, server token: db7179ed-9cbc-455e-b3c2-dbb52dd62286, passed token: db7179ed-9cbc-455e-b3c2-dbb52dd62286
Thu Oct 31 12:19:36 2024: Socket received request to stop server.
Thu Oct 31 12:19:36 2024: Dispatch Server: do_await_stop
Thu Oct 31 12:19:36 2024: Dispatch Server: stopping mainFifo_
Thu Oct 31 12:19:36 2024: XCD main fifo: Stopping
Thu Oct 31 12:19:36 2024: XCD main fifo: do_read error code: Operation canceled
Thu Oct 31 12:19:36 2024: XCD main fifo: bytes_transferred: 0
Thu Oct 31 12:19:36 2024: SERVER: destructor for server bound to port 42129
Thu Oct 31 12:19:36 2024: XCD main fifo: Good unlink of /tmp/xcdmaindb7179ed-9cbc-455e-b3c2-dbb52dd62286
Thu Oct 31 12:19:36 2024: Server exiting with status 0.
Thu Oct 31 12:19:36 2024: Closing log file.
Thu Oct 31 12:24:28 2024: Running xcd server. This server was built by gradle.
Thu Oct 31 12:24:28 2024: Server was asked to start on port: '35257'
Thu Oct 31 12:24:28 2024: Server is using token UUID: 'cfe4b6a3-0ffe-41d2-b346-858b6069f140'
Thu Oct 31 12:24:28 2024: SESSION_MGR: creating session with session uuid: '6d04a3e9-ade5-4ab9-8d63-1f78fcd2ec76' and name 'default'
Thu Oct 31 12:24:28 2024: Attempting to start server on port '35257'
Thu Oct 31 12:24:28 2024: XCD main fifo: created main fifo '/tmp/xcdmaincfe4b6a3-0ffe-41d2-b346-858b6069f140', fd read = 13
Thu Oct 31 12:24:28 2024: Running Dispatch Server
Thu Oct 31 12:24:28 2024: Version 2.2.0
Thu Oct 31 12:24:30 2024: Dispatch Server: Accepted socket connection from client
Thu Oct 31 12:24:30 2024: Starting Socket connection
Thu Oct 31 12:24:30 2024: EXCHANGE_TOKEN received, server token: cfe4b6a3-0ffe-41d2-b346-858b6069f140, passed token: cfe4b6a3-0ffe-41d2-b346-858b6069f140
Thu Oct 31 12:24:30 2024: DISPATCH_HANDLER: Adding handler from function makeHandler in library libxv_system_diagram
Thu Oct 31 12:24:30 2024: SESSION_MGR: creating session with session uuid: '0be5d1f6-0920-4fb1-afc1-752c5cf77485' and name 'vitis-run_compile_KalmanFil'
Thu Oct 31 12:24:30 2024: KERNEL_SVC: creating session with uuid: '0be5d1f6-0920-4fb1-afc1-752c5cf77485' and name 'vitis-run_compile_KalmanFil'
Thu Oct 31 12:24:30 2024: GUIDANCE_SMGR: creating guidance session with uuid: '0be5d1f6-0920-4fb1-afc1-752c5cf77485' and name 'vitis-run_compile_KalmanFil'
Thu Oct 31 12:24:30 2024: SYSTEM_DIAGRAM: creating session with uuid: '0be5d1f6-0920-4fb1-afc1-752c5cf77485' and name 'vitis-run_compile_KalmanFil'
Thu Oct 31 12:24:32 2024: Dispatch Server: Accepted socket connection from client
Thu Oct 31 12:24:32 2024: Starting Socket connection
Thu Oct 31 12:24:39 2024: SESSION_MGR: closing session for UUID '0be5d1f6-0920-4fb1-afc1-752c5cf77485' with name 'vitis-run_compile_KalmanFil'
Thu Oct 31 12:24:39 2024: KERNEL_SVC: closing session for UUID '0be5d1f6-0920-4fb1-afc1-752c5cf77485' with name 'vitis-run_compile_KalmanFil'
Thu Oct 31 12:24:39 2024: GUIDANCE_SMGR: closing session for UUID '0be5d1f6-0920-4fb1-afc1-752c5cf77485' with name 'vitis-run_compile_KalmanFil'
Thu Oct 31 12:24:39 2024: SYSTEM_DIAGRAM: closing session for UUID '0be5d1f6-0920-4fb1-afc1-752c5cf77485' with name 'vitis-run_compile_KalmanFil'
Thu Oct 31 12:24:40 2024: STOP_SERVER received, server token: cfe4b6a3-0ffe-41d2-b346-858b6069f140, passed token: cfe4b6a3-0ffe-41d2-b346-858b6069f140
Thu Oct 31 12:24:40 2024: Socket received request to stop server.
Thu Oct 31 12:24:40 2024: Dispatch Server: do_await_stop
Thu Oct 31 12:24:40 2024: Dispatch Server: stopping mainFifo_
Thu Oct 31 12:24:40 2024: XCD main fifo: Stopping
Thu Oct 31 12:24:40 2024: XCD main fifo: do_read error code: Operation canceled
Thu Oct 31 12:24:40 2024: XCD main fifo: bytes_transferred: 0
Thu Oct 31 12:24:40 2024: SERVER: destructor for server bound to port 35257
Thu Oct 31 12:24:40 2024: XCD main fifo: Good unlink of /tmp/xcdmaincfe4b6a3-0ffe-41d2-b346-858b6069f140
Thu Oct 31 12:24:40 2024: Server exiting with status 0.
Thu Oct 31 12:24:40 2024: Closing log file.
Thu Oct 31 12:26:36 2024: Running xcd server. This server was built by gradle.
Thu Oct 31 12:26:36 2024: Server was asked to start on port: '36897'
Thu Oct 31 12:26:36 2024: Server is using token UUID: '078d5d38-946d-4e2c-bc0d-0e041506ccad'
Thu Oct 31 12:26:36 2024: SESSION_MGR: creating session with session uuid: '6d04a3e9-ade5-4ab9-8d63-1f78fcd2ec76' and name 'default'
Thu Oct 31 12:26:36 2024: Attempting to start server on port '36897'
Thu Oct 31 12:26:36 2024: XCD main fifo: created main fifo '/tmp/xcdmain078d5d38-946d-4e2c-bc0d-0e041506ccad', fd read = 13
Thu Oct 31 12:26:36 2024: Running Dispatch Server
Thu Oct 31 12:26:36 2024: Version 2.2.0
Thu Oct 31 12:26:37 2024: Dispatch Server: Accepted socket connection from client
Thu Oct 31 12:26:37 2024: Starting Socket connection
Thu Oct 31 12:26:37 2024: EXCHANGE_TOKEN received, server token: 078d5d38-946d-4e2c-bc0d-0e041506ccad, passed token: 078d5d38-946d-4e2c-bc0d-0e041506ccad
Thu Oct 31 12:26:38 2024: DISPATCH_HANDLER: Adding handler from function makeHandler in library libxv_system_diagram
Thu Oct 31 12:26:38 2024: SESSION_MGR: creating session with session uuid: '99769b08-0b53-402f-bfc8-eb9cdd7e64ca' and name 'vitis-run_compile_KalmanFil'
Thu Oct 31 12:26:38 2024: KERNEL_SVC: creating session with uuid: '99769b08-0b53-402f-bfc8-eb9cdd7e64ca' and name 'vitis-run_compile_KalmanFil'
Thu Oct 31 12:26:38 2024: GUIDANCE_SMGR: creating guidance session with uuid: '99769b08-0b53-402f-bfc8-eb9cdd7e64ca' and name 'vitis-run_compile_KalmanFil'
Thu Oct 31 12:26:38 2024: SYSTEM_DIAGRAM: creating session with uuid: '99769b08-0b53-402f-bfc8-eb9cdd7e64ca' and name 'vitis-run_compile_KalmanFil'
Thu Oct 31 12:26:40 2024: Dispatch Server: Accepted socket connection from client
Thu Oct 31 12:26:40 2024: Starting Socket connection
Thu Oct 31 12:26:47 2024: SESSION_MGR: closing session for UUID '99769b08-0b53-402f-bfc8-eb9cdd7e64ca' with name 'vitis-run_compile_KalmanFil'
Thu Oct 31 12:26:47 2024: KERNEL_SVC: closing session for UUID '99769b08-0b53-402f-bfc8-eb9cdd7e64ca' with name 'vitis-run_compile_KalmanFil'
Thu Oct 31 12:26:47 2024: GUIDANCE_SMGR: closing session for UUID '99769b08-0b53-402f-bfc8-eb9cdd7e64ca' with name 'vitis-run_compile_KalmanFil'
Thu Oct 31 12:26:47 2024: SYSTEM_DIAGRAM: closing session for UUID '99769b08-0b53-402f-bfc8-eb9cdd7e64ca' with name 'vitis-run_compile_KalmanFil'
Thu Oct 31 12:26:47 2024: STOP_SERVER received, server token: 078d5d38-946d-4e2c-bc0d-0e041506ccad, passed token: 078d5d38-946d-4e2c-bc0d-0e041506ccad
Thu Oct 31 12:26:47 2024: Socket received request to stop server.
Thu Oct 31 12:26:47 2024: Dispatch Server: do_await_stop
Thu Oct 31 12:26:47 2024: Dispatch Server: stopping mainFifo_
Thu Oct 31 12:26:47 2024: XCD main fifo: Stopping
Thu Oct 31 12:26:47 2024: XCD main fifo: do_read error code: Operation canceled
Thu Oct 31 12:26:47 2024: XCD main fifo: bytes_transferred: 0
Thu Oct 31 12:26:47 2024: SERVER: destructor for server bound to port 36897
Thu Oct 31 12:26:47 2024: XCD main fifo: Good unlink of /tmp/xcdmain078d5d38-946d-4e2c-bc0d-0e041506ccad
Thu Oct 31 12:26:47 2024: Server exiting with status 0.
Thu Oct 31 12:26:47 2024: Closing log file.
Thu Oct 31 12:27:10 2024: Running xcd server. This server was built by gradle.
Thu Oct 31 12:27:10 2024: Server was asked to start on port: '39799'
Thu Oct 31 12:27:10 2024: Server is using token UUID: 'ae53cb66-efc2-4192-8697-508a5840b5ed'
Thu Oct 31 12:27:10 2024: SESSION_MGR: creating session with session uuid: '6d04a3e9-ade5-4ab9-8d63-1f78fcd2ec76' and name 'default'
Thu Oct 31 12:27:10 2024: Attempting to start server on port '39799'
Thu Oct 31 12:27:10 2024: XCD main fifo: created main fifo '/tmp/xcdmainae53cb66-efc2-4192-8697-508a5840b5ed', fd read = 13
Thu Oct 31 12:27:10 2024: Running Dispatch Server
Thu Oct 31 12:27:10 2024: Version 2.2.0
Thu Oct 31 12:27:11 2024: Dispatch Server: Accepted socket connection from client
Thu Oct 31 12:27:11 2024: Starting Socket connection
Thu Oct 31 12:27:11 2024: EXCHANGE_TOKEN received, server token: ae53cb66-efc2-4192-8697-508a5840b5ed, passed token: ae53cb66-efc2-4192-8697-508a5840b5ed
Thu Oct 31 12:27:12 2024: DISPATCH_HANDLER: Adding handler from function makeHandler in library libxv_system_diagram
Thu Oct 31 12:27:12 2024: SESSION_MGR: creating session with session uuid: '23a26923-3236-4815-ba34-9ed41d324b2f' and name 'vitis-run_compile_KalmanFil'
Thu Oct 31 12:27:12 2024: KERNEL_SVC: creating session with uuid: '23a26923-3236-4815-ba34-9ed41d324b2f' and name 'vitis-run_compile_KalmanFil'
Thu Oct 31 12:27:12 2024: GUIDANCE_SMGR: creating guidance session with uuid: '23a26923-3236-4815-ba34-9ed41d324b2f' and name 'vitis-run_compile_KalmanFil'
Thu Oct 31 12:27:12 2024: SYSTEM_DIAGRAM: creating session with uuid: '23a26923-3236-4815-ba34-9ed41d324b2f' and name 'vitis-run_compile_KalmanFil'
Thu Oct 31 12:27:14 2024: Dispatch Server: Accepted socket connection from client
Thu Oct 31 12:27:14 2024: Starting Socket connection
Thu Oct 31 12:27:21 2024: SESSION_MGR: closing session for UUID '23a26923-3236-4815-ba34-9ed41d324b2f' with name 'vitis-run_compile_KalmanFil'
Thu Oct 31 12:27:21 2024: KERNEL_SVC: closing session for UUID '23a26923-3236-4815-ba34-9ed41d324b2f' with name 'vitis-run_compile_KalmanFil'
Thu Oct 31 12:27:21 2024: GUIDANCE_SMGR: closing session for UUID '23a26923-3236-4815-ba34-9ed41d324b2f' with name 'vitis-run_compile_KalmanFil'
Thu Oct 31 12:27:21 2024: SYSTEM_DIAGRAM: closing session for UUID '23a26923-3236-4815-ba34-9ed41d324b2f' with name 'vitis-run_compile_KalmanFil'
Thu Oct 31 12:27:21 2024: STOP_SERVER received, server token: ae53cb66-efc2-4192-8697-508a5840b5ed, passed token: ae53cb66-efc2-4192-8697-508a5840b5ed
Thu Oct 31 12:27:21 2024: Socket received request to stop server.
Thu Oct 31 12:27:21 2024: Dispatch Server: do_await_stop
Thu Oct 31 12:27:21 2024: Dispatch Server: stopping mainFifo_
Thu Oct 31 12:27:21 2024: XCD main fifo: Stopping
Thu Oct 31 12:27:21 2024: XCD main fifo: do_read error code: Operation canceled
Thu Oct 31 12:27:21 2024: XCD main fifo: bytes_transferred: 0
Thu Oct 31 12:27:21 2024: SERVER: destructor for server bound to port 39799
Thu Oct 31 12:27:21 2024: XCD main fifo: Good unlink of /tmp/xcdmainae53cb66-efc2-4192-8697-508a5840b5ed
Thu Oct 31 12:27:21 2024: Server exiting with status 0.
Thu Oct 31 12:27:21 2024: Closing log file.
Thu Oct 31 12:27:45 2024: Running xcd server. This server was built by gradle.
Thu Oct 31 12:27:45 2024: Server was asked to start on port: '42305'
Thu Oct 31 12:27:45 2024: Server is using token UUID: '83789e75-4e5e-4051-9b7e-8c90380d36f1'
Thu Oct 31 12:27:45 2024: SESSION_MGR: creating session with session uuid: '6d04a3e9-ade5-4ab9-8d63-1f78fcd2ec76' and name 'default'
Thu Oct 31 12:27:45 2024: Attempting to start server on port '42305'
Thu Oct 31 12:27:45 2024: XCD main fifo: created main fifo '/tmp/xcdmain83789e75-4e5e-4051-9b7e-8c90380d36f1', fd read = 13
Thu Oct 31 12:27:45 2024: Running Dispatch Server
Thu Oct 31 12:27:45 2024: Version 2.2.0
Thu Oct 31 12:27:46 2024: Dispatch Server: Accepted socket connection from client
Thu Oct 31 12:27:46 2024: Starting Socket connection
Thu Oct 31 12:27:46 2024: EXCHANGE_TOKEN received, server token: 83789e75-4e5e-4051-9b7e-8c90380d36f1, passed token: 83789e75-4e5e-4051-9b7e-8c90380d36f1
Thu Oct 31 12:27:46 2024: DISPATCH_HANDLER: Adding handler from function makeHandler in library libxv_system_diagram
Thu Oct 31 12:27:46 2024: SESSION_MGR: creating session with session uuid: '34b08837-c48d-429f-8f22-0253af2368da' and name 'vitis-run_compile_KalmanFil'
Thu Oct 31 12:27:46 2024: KERNEL_SVC: creating session with uuid: '34b08837-c48d-429f-8f22-0253af2368da' and name 'vitis-run_compile_KalmanFil'
Thu Oct 31 12:27:46 2024: GUIDANCE_SMGR: creating guidance session with uuid: '34b08837-c48d-429f-8f22-0253af2368da' and name 'vitis-run_compile_KalmanFil'
Thu Oct 31 12:27:46 2024: SYSTEM_DIAGRAM: creating session with uuid: '34b08837-c48d-429f-8f22-0253af2368da' and name 'vitis-run_compile_KalmanFil'
Thu Oct 31 12:27:48 2024: Dispatch Server: Accepted socket connection from client
Thu Oct 31 12:27:48 2024: Starting Socket connection
Thu Oct 31 12:27:56 2024: SESSION_MGR: closing session for UUID '34b08837-c48d-429f-8f22-0253af2368da' with name 'vitis-run_compile_KalmanFil'
Thu Oct 31 12:27:56 2024: KERNEL_SVC: closing session for UUID '34b08837-c48d-429f-8f22-0253af2368da' with name 'vitis-run_compile_KalmanFil'
Thu Oct 31 12:27:56 2024: GUIDANCE_SMGR: closing session for UUID '34b08837-c48d-429f-8f22-0253af2368da' with name 'vitis-run_compile_KalmanFil'
Thu Oct 31 12:27:56 2024: SYSTEM_DIAGRAM: closing session for UUID '34b08837-c48d-429f-8f22-0253af2368da' with name 'vitis-run_compile_KalmanFil'
Thu Oct 31 12:27:56 2024: STOP_SERVER received, server token: 83789e75-4e5e-4051-9b7e-8c90380d36f1, passed token: 83789e75-4e5e-4051-9b7e-8c90380d36f1
Thu Oct 31 12:27:56 2024: Socket received request to stop server.
Thu Oct 31 12:27:56 2024: Dispatch Server: do_await_stop
Thu Oct 31 12:27:56 2024: Dispatch Server: stopping mainFifo_
Thu Oct 31 12:27:56 2024: XCD main fifo: Stopping
Thu Oct 31 12:27:56 2024: XCD main fifo: do_read error code: Operation canceled
Thu Oct 31 12:27:56 2024: XCD main fifo: bytes_transferred: 0
Thu Oct 31 12:27:56 2024: SERVER: destructor for server bound to port 42305
Thu Oct 31 12:27:56 2024: XCD main fifo: Good unlink of /tmp/xcdmain83789e75-4e5e-4051-9b7e-8c90380d36f1
Thu Oct 31 12:27:56 2024: Server exiting with status 0.
Thu Oct 31 12:27:56 2024: Closing log file.
Thu Oct 31 12:28:55 2024: Running xcd server. This server was built by gradle.
Thu Oct 31 12:28:55 2024: Server was asked to start on port: '35089'
Thu Oct 31 12:28:55 2024: Server is using token UUID: '0de67b5c-589f-4f5d-9004-9d5aae700bd8'
Thu Oct 31 12:28:55 2024: SESSION_MGR: creating session with session uuid: '6d04a3e9-ade5-4ab9-8d63-1f78fcd2ec76' and name 'default'
Thu Oct 31 12:28:55 2024: Attempting to start server on port '35089'
Thu Oct 31 12:28:55 2024: XCD main fifo: created main fifo '/tmp/xcdmain0de67b5c-589f-4f5d-9004-9d5aae700bd8', fd read = 13
Thu Oct 31 12:28:55 2024: Running Dispatch Server
Thu Oct 31 12:28:55 2024: Version 2.2.0
Thu Oct 31 12:28:57 2024: Dispatch Server: Accepted socket connection from client
Thu Oct 31 12:28:57 2024: Starting Socket connection
Thu Oct 31 12:28:57 2024: EXCHANGE_TOKEN received, server token: 0de67b5c-589f-4f5d-9004-9d5aae700bd8, passed token: 0de67b5c-589f-4f5d-9004-9d5aae700bd8
Thu Oct 31 12:28:57 2024: Running xcd server. This server was built by gradle.
Thu Oct 31 12:28:57 2024: Server was asked to start on port: '43237'
Thu Oct 31 12:28:57 2024: Server is using token UUID: 'be650801-dff6-4ebf-84b0-4cc84f9cce34'
Thu Oct 31 12:28:57 2024: SESSION_MGR: creating session with session uuid: '6d04a3e9-ade5-4ab9-8d63-1f78fcd2ec76' and name 'default'
Thu Oct 31 12:28:57 2024: Attempting to start server on port '43237'
Thu Oct 31 12:28:57 2024: XCD main fifo: created main fifo '/tmp/xcdmainbe650801-dff6-4ebf-84b0-4cc84f9cce34', fd read = 13
Thu Oct 31 12:28:57 2024: Running Dispatch Server
Thu Oct 31 12:28:57 2024: Version 2.2.0
Thu Oct 31 12:28:57 2024: DISPATCH_HANDLER: Adding handler from function makeHandler in library libxv_system_diagram
Thu Oct 31 12:28:57 2024: SESSION_MGR: creating session with session uuid: '13cee78f-35fc-4a38-acad-58d9ac9a7546' and name 'vitis-run_compile_KalmanFil'
Thu Oct 31 12:28:57 2024: KERNEL_SVC: creating session with uuid: '13cee78f-35fc-4a38-acad-58d9ac9a7546' and name 'vitis-run_compile_KalmanFil'
Thu Oct 31 12:28:57 2024: GUIDANCE_SMGR: creating guidance session with uuid: '13cee78f-35fc-4a38-acad-58d9ac9a7546' and name 'vitis-run_compile_KalmanFil'
Thu Oct 31 12:28:57 2024: SYSTEM_DIAGRAM: creating session with uuid: '13cee78f-35fc-4a38-acad-58d9ac9a7546' and name 'vitis-run_compile_KalmanFil'
Thu Oct 31 12:28:58 2024: Dispatch Server: Accepted socket connection from client
Thu Oct 31 12:28:58 2024: Starting Socket connection
Thu Oct 31 12:28:58 2024: EXCHANGE_TOKEN received, server token: be650801-dff6-4ebf-84b0-4cc84f9cce34, passed token: be650801-dff6-4ebf-84b0-4cc84f9cce34
Thu Oct 31 12:28:58 2024: DISPATCH_HANDLER: Adding handler from function makeHandler in library libxv_system_diagram
Thu Oct 31 12:28:58 2024: SESSION_MGR: creating session with session uuid: 'ca669051-8238-4fe1-9069-0b27c5efc1c9' and name 'vitis-run_compile_KalmanFil'
Thu Oct 31 12:28:58 2024: KERNEL_SVC: creating session with uuid: 'ca669051-8238-4fe1-9069-0b27c5efc1c9' and name 'vitis-run_compile_KalmanFil'
Thu Oct 31 12:28:58 2024: GUIDANCE_SMGR: creating guidance session with uuid: 'ca669051-8238-4fe1-9069-0b27c5efc1c9' and name 'vitis-run_compile_KalmanFil'
Thu Oct 31 12:28:58 2024: SYSTEM_DIAGRAM: creating session with uuid: 'ca669051-8238-4fe1-9069-0b27c5efc1c9' and name 'vitis-run_compile_KalmanFil'
Thu Oct 31 12:28:59 2024: Dispatch Server: Accepted socket connection from client
Thu Oct 31 12:28:59 2024: Starting Socket connection
Thu Oct 31 12:29:00 2024: Dispatch Server: Accepted socket connection from client
Thu Oct 31 12:29:00 2024: Starting Socket connection
Thu Oct 31 12:29:06 2024: SESSION_MGR: closing session for UUID '13cee78f-35fc-4a38-acad-58d9ac9a7546' with name 'vitis-run_compile_KalmanFil'
Thu Oct 31 12:29:06 2024: KERNEL_SVC: closing session for UUID '13cee78f-35fc-4a38-acad-58d9ac9a7546' with name 'vitis-run_compile_KalmanFil'
Thu Oct 31 12:29:06 2024: GUIDANCE_SMGR: closing session for UUID '13cee78f-35fc-4a38-acad-58d9ac9a7546' with name 'vitis-run_compile_KalmanFil'
Thu Oct 31 12:29:06 2024: SYSTEM_DIAGRAM: closing session for UUID '13cee78f-35fc-4a38-acad-58d9ac9a7546' with name 'vitis-run_compile_KalmanFil'
Thu Oct 31 12:29:06 2024: STOP_SERVER received, server token: 0de67b5c-589f-4f5d-9004-9d5aae700bd8, passed token: 0de67b5c-589f-4f5d-9004-9d5aae700bd8
Thu Oct 31 12:29:06 2024: Socket received request to stop server.
Thu Oct 31 12:29:06 2024: Dispatch Server: do_await_stop
Thu Oct 31 12:29:06 2024: Dispatch Server: stopping mainFifo_
Thu Oct 31 12:29:06 2024: XCD main fifo: Stopping
Thu Oct 31 12:29:06 2024: XCD main fifo: do_read error code: Operation canceled
Thu Oct 31 12:29:06 2024: XCD main fifo: bytes_transferred: 0
Thu Oct 31 12:29:06 2024: SERVER: destructor for server bound to port 35089
Thu Oct 31 12:29:06 2024: XCD main fifo: Good unlink of /tmp/xcdmain0de67b5c-589f-4f5d-9004-9d5aae700bd8
Thu Oct 31 12:29:06 2024: Server exiting with status 0.
Thu Oct 31 12:29:06 2024: Closing log file.
Thu Oct 31 12:29:15 2024: SESSION_MGR: closing session for UUID 'ca669051-8238-4fe1-9069-0b27c5efc1c9' with name 'vitis-run_compile_KalmanFil'
Thu Oct 31 12:29:15 2024: KERNEL_SVC: closing session for UUID 'ca669051-8238-4fe1-9069-0b27c5efc1c9' with name 'vitis-run_compile_KalmanFil'
Thu Oct 31 12:29:15 2024: GUIDANCE_SMGR: closing session for UUID 'ca669051-8238-4fe1-9069-0b27c5efc1c9' with name 'vitis-run_compile_KalmanFil'
Thu Oct 31 12:29:15 2024: SYSTEM_DIAGRAM: closing session for UUID 'ca669051-8238-4fe1-9069-0b27c5efc1c9' with name 'vitis-run_compile_KalmanFil'
Thu Oct 31 12:29:15 2024: STOP_SERVER received, server token: be650801-dff6-4ebf-84b0-4cc84f9cce34, passed token: be650801-dff6-4ebf-84b0-4cc84f9cce34
Thu Oct 31 12:29:15 2024: Socket received request to stop server.
Thu Oct 31 12:29:15 2024: Dispatch Server: do_await_stop
Thu Oct 31 12:29:15 2024: Dispatch Server: stopping mainFifo_
Thu Oct 31 12:29:15 2024: XCD main fifo: Stopping
Thu Oct 31 12:29:15 2024: XCD main fifo: do_read error code: Operation canceled
Thu Oct 31 12:29:15 2024: XCD main fifo: bytes_transferred: 0
Thu Oct 31 12:29:15 2024: SERVER: destructor for server bound to port 43237
Thu Oct 31 12:29:15 2024: XCD main fifo: Good unlink of /tmp/xcdmainbe650801-dff6-4ebf-84b0-4cc84f9cce34
Thu Oct 31 12:29:15 2024: Server exiting with status 0.
Thu Oct 31 12:29:15 2024: Closing log file.
Thu Oct 31 12:29:33 2024: Running xcd server. This server was built by gradle.
Thu Oct 31 12:29:33 2024: Server was asked to start on port: '36231'
Thu Oct 31 12:29:33 2024: Server is using token UUID: '4fe38ad9-d4ce-4a2a-b07e-d0471bba0a07'
Thu Oct 31 12:29:33 2024: SESSION_MGR: creating session with session uuid: '6d04a3e9-ade5-4ab9-8d63-1f78fcd2ec76' and name 'default'
Thu Oct 31 12:29:33 2024: Attempting to start server on port '36231'
Thu Oct 31 12:29:33 2024: XCD main fifo: created main fifo '/tmp/xcdmain4fe38ad9-d4ce-4a2a-b07e-d0471bba0a07', fd read = 13
Thu Oct 31 12:29:33 2024: Running Dispatch Server
Thu Oct 31 12:29:33 2024: Version 2.2.0
Thu Oct 31 12:29:34 2024: Dispatch Server: Accepted socket connection from client
Thu Oct 31 12:29:34 2024: Starting Socket connection
Thu Oct 31 12:29:34 2024: EXCHANGE_TOKEN received, server token: 4fe38ad9-d4ce-4a2a-b07e-d0471bba0a07, passed token: 4fe38ad9-d4ce-4a2a-b07e-d0471bba0a07
Thu Oct 31 12:29:35 2024: DISPATCH_HANDLER: Adding handler from function makeHandler in library libxv_system_diagram
Thu Oct 31 12:29:35 2024: SESSION_MGR: creating session with session uuid: 'a9c56ef4-9cf2-4989-b164-a245e62073cf' and name 'vitis-run_compile_KalmanFil'
Thu Oct 31 12:29:35 2024: KERNEL_SVC: creating session with uuid: 'a9c56ef4-9cf2-4989-b164-a245e62073cf' and name 'vitis-run_compile_KalmanFil'
Thu Oct 31 12:29:35 2024: GUIDANCE_SMGR: creating guidance session with uuid: 'a9c56ef4-9cf2-4989-b164-a245e62073cf' and name 'vitis-run_compile_KalmanFil'
Thu Oct 31 12:29:35 2024: SYSTEM_DIAGRAM: creating session with uuid: 'a9c56ef4-9cf2-4989-b164-a245e62073cf' and name 'vitis-run_compile_KalmanFil'
Thu Oct 31 12:29:37 2024: Dispatch Server: Accepted socket connection from client
Thu Oct 31 12:29:37 2024: Starting Socket connection
Thu Oct 31 12:29:44 2024: SESSION_MGR: closing session for UUID 'a9c56ef4-9cf2-4989-b164-a245e62073cf' with name 'vitis-run_compile_KalmanFil'
Thu Oct 31 12:29:44 2024: KERNEL_SVC: closing session for UUID 'a9c56ef4-9cf2-4989-b164-a245e62073cf' with name 'vitis-run_compile_KalmanFil'
Thu Oct 31 12:29:44 2024: GUIDANCE_SMGR: closing session for UUID 'a9c56ef4-9cf2-4989-b164-a245e62073cf' with name 'vitis-run_compile_KalmanFil'
Thu Oct 31 12:29:44 2024: SYSTEM_DIAGRAM: closing session for UUID 'a9c56ef4-9cf2-4989-b164-a245e62073cf' with name 'vitis-run_compile_KalmanFil'
Thu Oct 31 12:29:44 2024: STOP_SERVER received, server token: 4fe38ad9-d4ce-4a2a-b07e-d0471bba0a07, passed token: 4fe38ad9-d4ce-4a2a-b07e-d0471bba0a07
Thu Oct 31 12:29:44 2024: Socket received request to stop server.
Thu Oct 31 12:29:44 2024: Dispatch Server: do_await_stop
Thu Oct 31 12:29:44 2024: Dispatch Server: stopping mainFifo_
Thu Oct 31 12:29:44 2024: XCD main fifo: Stopping
Thu Oct 31 12:29:44 2024: XCD main fifo: do_read error code: Operation canceled
Thu Oct 31 12:29:44 2024: XCD main fifo: bytes_transferred: 0
Thu Oct 31 12:29:44 2024: SERVER: destructor for server bound to port 36231
Thu Oct 31 12:29:44 2024: XCD main fifo: Good unlink of /tmp/xcdmain4fe38ad9-d4ce-4a2a-b07e-d0471bba0a07
Thu Oct 31 12:29:44 2024: Server exiting with status 0.
Thu Oct 31 12:29:44 2024: Closing log file.
Thu Oct 31 12:30:02 2024: Running xcd server. This server was built by gradle.
Thu Oct 31 12:30:02 2024: Server was asked to start on port: '42923'
Thu Oct 31 12:30:02 2024: Server is using token UUID: 'a782a850-92a6-436f-9c84-d3ec74a00871'
Thu Oct 31 12:30:02 2024: SESSION_MGR: creating session with session uuid: '6d04a3e9-ade5-4ab9-8d63-1f78fcd2ec76' and name 'default'
Thu Oct 31 12:30:02 2024: Attempting to start server on port '42923'
Thu Oct 31 12:30:02 2024: XCD main fifo: created main fifo '/tmp/xcdmaina782a850-92a6-436f-9c84-d3ec74a00871', fd read = 13
Thu Oct 31 12:30:02 2024: Running Dispatch Server
Thu Oct 31 12:30:02 2024: Version 2.2.0
Thu Oct 31 12:30:03 2024: Dispatch Server: Accepted socket connection from client
Thu Oct 31 12:30:03 2024: Starting Socket connection
Thu Oct 31 12:30:03 2024: EXCHANGE_TOKEN received, server token: a782a850-92a6-436f-9c84-d3ec74a00871, passed token: a782a850-92a6-436f-9c84-d3ec74a00871
Thu Oct 31 12:30:03 2024: DISPATCH_HANDLER: Adding handler from function makeHandler in library libxv_system_diagram
Thu Oct 31 12:30:03 2024: SESSION_MGR: creating session with session uuid: '068ba12a-6e16-4cc5-bc1c-4aa612e8b221' and name 'vitis-run_compile_KalmanFil'
Thu Oct 31 12:30:03 2024: KERNEL_SVC: creating session with uuid: '068ba12a-6e16-4cc5-bc1c-4aa612e8b221' and name 'vitis-run_compile_KalmanFil'
Thu Oct 31 12:30:03 2024: GUIDANCE_SMGR: creating guidance session with uuid: '068ba12a-6e16-4cc5-bc1c-4aa612e8b221' and name 'vitis-run_compile_KalmanFil'
Thu Oct 31 12:30:03 2024: SYSTEM_DIAGRAM: creating session with uuid: '068ba12a-6e16-4cc5-bc1c-4aa612e8b221' and name 'vitis-run_compile_KalmanFil'
Thu Oct 31 12:30:05 2024: Dispatch Server: Accepted socket connection from client
Thu Oct 31 12:30:05 2024: Starting Socket connection
Thu Oct 31 12:30:13 2024: SESSION_MGR: closing session for UUID '068ba12a-6e16-4cc5-bc1c-4aa612e8b221' with name 'vitis-run_compile_KalmanFil'
Thu Oct 31 12:30:13 2024: KERNEL_SVC: closing session for UUID '068ba12a-6e16-4cc5-bc1c-4aa612e8b221' with name 'vitis-run_compile_KalmanFil'
Thu Oct 31 12:30:13 2024: GUIDANCE_SMGR: closing session for UUID '068ba12a-6e16-4cc5-bc1c-4aa612e8b221' with name 'vitis-run_compile_KalmanFil'
Thu Oct 31 12:30:13 2024: SYSTEM_DIAGRAM: closing session for UUID '068ba12a-6e16-4cc5-bc1c-4aa612e8b221' with name 'vitis-run_compile_KalmanFil'
Thu Oct 31 12:30:13 2024: STOP_SERVER received, server token: a782a850-92a6-436f-9c84-d3ec74a00871, passed token: a782a850-92a6-436f-9c84-d3ec74a00871
Thu Oct 31 12:30:13 2024: Socket received request to stop server.
Thu Oct 31 12:30:13 2024: Dispatch Server: do_await_stop
Thu Oct 31 12:30:13 2024: Dispatch Server: stopping mainFifo_
Thu Oct 31 12:30:13 2024: XCD main fifo: Stopping
Thu Oct 31 12:30:13 2024: XCD main fifo: do_read error code: Operation canceled
Thu Oct 31 12:30:13 2024: XCD main fifo: bytes_transferred: 0
Thu Oct 31 12:30:13 2024: SERVER: destructor for server bound to port 42923
Thu Oct 31 12:30:13 2024: XCD main fifo: Good unlink of /tmp/xcdmaina782a850-92a6-436f-9c84-d3ec74a00871
Thu Oct 31 12:30:13 2024: Server exiting with status 0.
Thu Oct 31 12:30:13 2024: Closing log file.
Thu Oct 31 12:38:28 2024: Running xcd server. This server was built by gradle.
Thu Oct 31 12:38:28 2024: Server was asked to start on port: '38889'
Thu Oct 31 12:38:28 2024: Server is using token UUID: '0693a1b4-7271-49e7-b9b2-b3429d2bd35a'
Thu Oct 31 12:38:28 2024: SESSION_MGR: creating session with session uuid: '6d04a3e9-ade5-4ab9-8d63-1f78fcd2ec76' and name 'default'
Thu Oct 31 12:38:28 2024: Attempting to start server on port '38889'
Thu Oct 31 12:38:28 2024: XCD main fifo: created main fifo '/tmp/xcdmain0693a1b4-7271-49e7-b9b2-b3429d2bd35a', fd read = 13
Thu Oct 31 12:38:28 2024: Running Dispatch Server
Thu Oct 31 12:38:28 2024: Version 2.2.0
Thu Oct 31 12:38:29 2024: Dispatch Server: Accepted socket connection from client
Thu Oct 31 12:38:29 2024: Starting Socket connection
Thu Oct 31 12:38:29 2024: EXCHANGE_TOKEN received, server token: 0693a1b4-7271-49e7-b9b2-b3429d2bd35a, passed token: 0693a1b4-7271-49e7-b9b2-b3429d2bd35a
Thu Oct 31 12:38:29 2024: DISPATCH_HANDLER: Adding handler from function makeHandler in library libxv_system_diagram
Thu Oct 31 12:38:29 2024: SESSION_MGR: creating session with session uuid: 'a8fa9fbc-4711-4709-9ad2-3773977cda65' and name 'vitis-run_compile_KalmanFil'
Thu Oct 31 12:38:29 2024: KERNEL_SVC: creating session with uuid: 'a8fa9fbc-4711-4709-9ad2-3773977cda65' and name 'vitis-run_compile_KalmanFil'
Thu Oct 31 12:38:29 2024: GUIDANCE_SMGR: creating guidance session with uuid: 'a8fa9fbc-4711-4709-9ad2-3773977cda65' and name 'vitis-run_compile_KalmanFil'
Thu Oct 31 12:38:29 2024: SYSTEM_DIAGRAM: creating session with uuid: 'a8fa9fbc-4711-4709-9ad2-3773977cda65' and name 'vitis-run_compile_KalmanFil'
Thu Oct 31 12:38:31 2024: Dispatch Server: Accepted socket connection from client
Thu Oct 31 12:38:31 2024: Starting Socket connection
Thu Oct 31 12:38:32 2024: SESSION_MGR: closing session for UUID 'a8fa9fbc-4711-4709-9ad2-3773977cda65' with name 'vitis-run_compile_KalmanFil'
Thu Oct 31 12:38:32 2024: KERNEL_SVC: closing session for UUID 'a8fa9fbc-4711-4709-9ad2-3773977cda65' with name 'vitis-run_compile_KalmanFil'
Thu Oct 31 12:38:32 2024: GUIDANCE_SMGR: closing session for UUID 'a8fa9fbc-4711-4709-9ad2-3773977cda65' with name 'vitis-run_compile_KalmanFil'
Thu Oct 31 12:38:32 2024: SYSTEM_DIAGRAM: closing session for UUID 'a8fa9fbc-4711-4709-9ad2-3773977cda65' with name 'vitis-run_compile_KalmanFil'
Thu Oct 31 12:38:32 2024: STOP_SERVER received, server token: 0693a1b4-7271-49e7-b9b2-b3429d2bd35a, passed token: 0693a1b4-7271-49e7-b9b2-b3429d2bd35a
Thu Oct 31 12:38:32 2024: Socket received request to stop server.
Thu Oct 31 12:38:32 2024: Dispatch Server: do_await_stop
Thu Oct 31 12:38:32 2024: Dispatch Server: stopping mainFifo_
Thu Oct 31 12:38:32 2024: XCD main fifo: Stopping
Thu Oct 31 12:38:32 2024: XCD main fifo: do_read error code: Operation canceled
Thu Oct 31 12:38:32 2024: XCD main fifo: bytes_transferred: 0
Thu Oct 31 12:38:32 2024: SERVER: destructor for server bound to port 38889
Thu Oct 31 12:38:32 2024: XCD main fifo: Good unlink of /tmp/xcdmain0693a1b4-7271-49e7-b9b2-b3429d2bd35a
Thu Oct 31 12:38:32 2024: Server exiting with status 0.
Thu Oct 31 12:38:32 2024: Closing log file.
Thu Oct 31 12:39:40 2024: Running xcd server. This server was built by gradle.
Thu Oct 31 12:39:40 2024: Server was asked to start on port: '34625'
Thu Oct 31 12:39:40 2024: Server is using token UUID: '4081c706-fe57-4035-8137-b1338ab25d7d'
Thu Oct 31 12:39:40 2024: SESSION_MGR: creating session with session uuid: '6d04a3e9-ade5-4ab9-8d63-1f78fcd2ec76' and name 'default'
Thu Oct 31 12:39:40 2024: Attempting to start server on port '34625'
Thu Oct 31 12:39:40 2024: XCD main fifo: created main fifo '/tmp/xcdmain4081c706-fe57-4035-8137-b1338ab25d7d', fd read = 13
Thu Oct 31 12:39:40 2024: Running Dispatch Server
Thu Oct 31 12:39:40 2024: Version 2.2.0
Thu Oct 31 12:39:40 2024: Running xcd server. This server was built by gradle.
Thu Oct 31 12:39:40 2024: Server was asked to start on port: '34027'
Thu Oct 31 12:39:40 2024: Server is using token UUID: 'c0042838-9009-4967-82c7-7dc2dde6c153'
Thu Oct 31 12:39:40 2024: SESSION_MGR: creating session with session uuid: '6d04a3e9-ade5-4ab9-8d63-1f78fcd2ec76' and name 'default'
Thu Oct 31 12:39:40 2024: Attempting to start server on port '34027'
Thu Oct 31 12:39:40 2024: XCD main fifo: created main fifo '/tmp/xcdmainc0042838-9009-4967-82c7-7dc2dde6c153', fd read = 13
Thu Oct 31 12:39:40 2024: Running Dispatch Server
Thu Oct 31 12:39:40 2024: Version 2.2.0
Thu Oct 31 12:39:41 2024: Dispatch Server: Accepted socket connection from client
Thu Oct 31 12:39:41 2024: Starting Socket connection
Thu Oct 31 12:39:41 2024: EXCHANGE_TOKEN received, server token: 4081c706-fe57-4035-8137-b1338ab25d7d, passed token: 4081c706-fe57-4035-8137-b1338ab25d7d
Thu Oct 31 12:39:41 2024: DISPATCH_HANDLER: Adding handler from function makeHandler in library libxv_system_diagram
Thu Oct 31 12:39:41 2024: SESSION_MGR: creating session with session uuid: '3c7cbbf9-ba43-4a7e-99ba-5cec93a734e5' and name 'vitis-run_compile_KalmanFil'
Thu Oct 31 12:39:41 2024: KERNEL_SVC: creating session with uuid: '3c7cbbf9-ba43-4a7e-99ba-5cec93a734e5' and name 'vitis-run_compile_KalmanFil'
Thu Oct 31 12:39:41 2024: GUIDANCE_SMGR: creating guidance session with uuid: '3c7cbbf9-ba43-4a7e-99ba-5cec93a734e5' and name 'vitis-run_compile_KalmanFil'
Thu Oct 31 12:39:41 2024: SYSTEM_DIAGRAM: creating session with uuid: '3c7cbbf9-ba43-4a7e-99ba-5cec93a734e5' and name 'vitis-run_compile_KalmanFil'
Thu Oct 31 12:39:42 2024: Dispatch Server: Accepted socket connection from client
Thu Oct 31 12:39:42 2024: Starting Socket connection
Thu Oct 31 12:39:42 2024: EXCHANGE_TOKEN received, server token: c0042838-9009-4967-82c7-7dc2dde6c153, passed token: c0042838-9009-4967-82c7-7dc2dde6c153
Thu Oct 31 12:39:42 2024: DISPATCH_HANDLER: Adding handler from function makeHandler in library libxv_system_diagram
Thu Oct 31 12:39:42 2024: SESSION_MGR: creating session with session uuid: 'be202e62-69ce-4858-ad04-4bdd5d2ff918' and name 'vitis-run_compile_KalmanFil'
Thu Oct 31 12:39:42 2024: KERNEL_SVC: creating session with uuid: 'be202e62-69ce-4858-ad04-4bdd5d2ff918' and name 'vitis-run_compile_KalmanFil'
Thu Oct 31 12:39:42 2024: GUIDANCE_SMGR: creating guidance session with uuid: 'be202e62-69ce-4858-ad04-4bdd5d2ff918' and name 'vitis-run_compile_KalmanFil'
Thu Oct 31 12:39:42 2024: SYSTEM_DIAGRAM: creating session with uuid: 'be202e62-69ce-4858-ad04-4bdd5d2ff918' and name 'vitis-run_compile_KalmanFil'
Thu Oct 31 12:39:44 2024: Dispatch Server: Accepted socket connection from client
Thu Oct 31 12:39:44 2024: Starting Socket connection
Thu Oct 31 12:39:44 2024: Dispatch Server: Accepted socket connection from client
Thu Oct 31 12:39:44 2024: Starting Socket connection
Thu Oct 31 12:39:51 2024: SESSION_MGR: closing session for UUID '3c7cbbf9-ba43-4a7e-99ba-5cec93a734e5' with name 'vitis-run_compile_KalmanFil'
Thu Oct 31 12:39:51 2024: KERNEL_SVC: closing session for UUID '3c7cbbf9-ba43-4a7e-99ba-5cec93a734e5' with name 'vitis-run_compile_KalmanFil'
Thu Oct 31 12:39:51 2024: GUIDANCE_SMGR: closing session for UUID '3c7cbbf9-ba43-4a7e-99ba-5cec93a734e5' with name 'vitis-run_compile_KalmanFil'
Thu Oct 31 12:39:51 2024: SYSTEM_DIAGRAM: closing session for UUID '3c7cbbf9-ba43-4a7e-99ba-5cec93a734e5' with name 'vitis-run_compile_KalmanFil'
Thu Oct 31 12:39:51 2024: STOP_SERVER received, server token: 4081c706-fe57-4035-8137-b1338ab25d7d, passed token: 4081c706-fe57-4035-8137-b1338ab25d7d
Thu Oct 31 12:39:51 2024: Socket received request to stop server.
Thu Oct 31 12:39:51 2024: Dispatch Server: do_await_stop
Thu Oct 31 12:39:51 2024: Dispatch Server: stopping mainFifo_
Thu Oct 31 12:39:51 2024: XCD main fifo: Stopping
Thu Oct 31 12:39:51 2024: XCD main fifo: do_read error code: Operation canceled
Thu Oct 31 12:39:51 2024: XCD main fifo: bytes_transferred: 0
Thu Oct 31 12:39:51 2024: SERVER: destructor for server bound to port 34625
Thu Oct 31 12:39:51 2024: XCD main fifo: Good unlink of /tmp/xcdmain4081c706-fe57-4035-8137-b1338ab25d7d
Thu Oct 31 12:39:51 2024: Server exiting with status 0.
Thu Oct 31 12:39:51 2024: Closing log file.
Thu Oct 31 12:39:58 2024: SESSION_MGR: closing session for UUID 'be202e62-69ce-4858-ad04-4bdd5d2ff918' with name 'vitis-run_compile_KalmanFil'
Thu Oct 31 12:39:58 2024: KERNEL_SVC: closing session for UUID 'be202e62-69ce-4858-ad04-4bdd5d2ff918' with name 'vitis-run_compile_KalmanFil'
Thu Oct 31 12:39:58 2024: GUIDANCE_SMGR: closing session for UUID 'be202e62-69ce-4858-ad04-4bdd5d2ff918' with name 'vitis-run_compile_KalmanFil'
Thu Oct 31 12:39:58 2024: SYSTEM_DIAGRAM: closing session for UUID 'be202e62-69ce-4858-ad04-4bdd5d2ff918' with name 'vitis-run_compile_KalmanFil'
Thu Oct 31 12:39:58 2024: STOP_SERVER received, server token: c0042838-9009-4967-82c7-7dc2dde6c153, passed token: c0042838-9009-4967-82c7-7dc2dde6c153
Thu Oct 31 12:39:58 2024: Socket received request to stop server.
Thu Oct 31 12:39:58 2024: Dispatch Server: do_await_stop
Thu Oct 31 12:39:58 2024: Dispatch Server: stopping mainFifo_
Thu Oct 31 12:39:58 2024: XCD main fifo: Stopping
Thu Oct 31 12:39:58 2024: XCD main fifo: do_read error code: Operation canceled
Thu Oct 31 12:39:58 2024: XCD main fifo: bytes_transferred: 0
Thu Oct 31 12:39:58 2024: SERVER: destructor for server bound to port 34027
Thu Oct 31 12:39:58 2024: XCD main fifo: Good unlink of /tmp/xcdmainc0042838-9009-4967-82c7-7dc2dde6c153
Thu Oct 31 12:39:58 2024: Server exiting with status 0.
Thu Oct 31 12:39:58 2024: Closing log file.
Thu Oct 31 15:06:22 2024: Running xcd server. This server was built by gradle.
Thu Oct 31 15:06:22 2024: Server was asked to start on port: '39141'
Thu Oct 31 15:06:22 2024: Server is using token UUID: '5570f3bf-84a2-467c-aa2f-2b3594c3ab26'
Thu Oct 31 15:06:22 2024: SESSION_MGR: creating session with session uuid: '6d04a3e9-ade5-4ab9-8d63-1f78fcd2ec76' and name 'default'
Thu Oct 31 15:06:22 2024: Attempting to start server on port '39141'
Thu Oct 31 15:06:22 2024: XCD main fifo: created main fifo '/tmp/xcdmain5570f3bf-84a2-467c-aa2f-2b3594c3ab26', fd read = 13
Thu Oct 31 15:06:22 2024: Running Dispatch Server
Thu Oct 31 15:06:22 2024: Version 2.2.0
Thu Oct 31 15:06:23 2024: Dispatch Server: Accepted socket connection from client
Thu Oct 31 15:06:23 2024: Starting Socket connection
Thu Oct 31 15:06:23 2024: EXCHANGE_TOKEN received, server token: 5570f3bf-84a2-467c-aa2f-2b3594c3ab26, passed token: 5570f3bf-84a2-467c-aa2f-2b3594c3ab26
Thu Oct 31 15:06:23 2024: DISPATCH_HANDLER: Adding handler from function makeHandler in library libxv_system_diagram
Thu Oct 31 15:06:23 2024: SESSION_MGR: creating session with session uuid: 'af95444a-5911-4074-aba2-0dacbc000220' and name 'vitis-run_compile_KalmanFil'
Thu Oct 31 15:06:23 2024: KERNEL_SVC: creating session with uuid: 'af95444a-5911-4074-aba2-0dacbc000220' and name 'vitis-run_compile_KalmanFil'
Thu Oct 31 15:06:23 2024: GUIDANCE_SMGR: creating guidance session with uuid: 'af95444a-5911-4074-aba2-0dacbc000220' and name 'vitis-run_compile_KalmanFil'
Thu Oct 31 15:06:23 2024: SYSTEM_DIAGRAM: creating session with uuid: 'af95444a-5911-4074-aba2-0dacbc000220' and name 'vitis-run_compile_KalmanFil'
Thu Oct 31 15:06:25 2024: Dispatch Server: Accepted socket connection from client
Thu Oct 31 15:06:25 2024: Starting Socket connection
Thu Oct 31 15:06:40 2024: SESSION_MGR: closing session for UUID 'af95444a-5911-4074-aba2-0dacbc000220' with name 'vitis-run_compile_KalmanFil'
Thu Oct 31 15:06:40 2024: KERNEL_SVC: closing session for UUID 'af95444a-5911-4074-aba2-0dacbc000220' with name 'vitis-run_compile_KalmanFil'
Thu Oct 31 15:06:40 2024: GUIDANCE_SMGR: closing session for UUID 'af95444a-5911-4074-aba2-0dacbc000220' with name 'vitis-run_compile_KalmanFil'
Thu Oct 31 15:06:40 2024: SYSTEM_DIAGRAM: closing session for UUID 'af95444a-5911-4074-aba2-0dacbc000220' with name 'vitis-run_compile_KalmanFil'
Thu Oct 31 15:06:40 2024: STOP_SERVER received, server token: 5570f3bf-84a2-467c-aa2f-2b3594c3ab26, passed token: 5570f3bf-84a2-467c-aa2f-2b3594c3ab26
Thu Oct 31 15:06:40 2024: Socket received request to stop server.
Thu Oct 31 15:06:40 2024: Dispatch Server: do_await_stop
Thu Oct 31 15:06:40 2024: Dispatch Server: stopping mainFifo_
Thu Oct 31 15:06:40 2024: XCD main fifo: Stopping
Thu Oct 31 15:06:40 2024: XCD main fifo: do_read error code: Operation canceled
Thu Oct 31 15:06:40 2024: XCD main fifo: bytes_transferred: 0
Thu Oct 31 15:06:40 2024: SERVER: destructor for server bound to port 39141
Thu Oct 31 15:06:40 2024: XCD main fifo: Good unlink of /tmp/xcdmain5570f3bf-84a2-467c-aa2f-2b3594c3ab26
Thu Oct 31 15:06:40 2024: Server exiting with status 0.
Thu Oct 31 15:06:40 2024: Closing log file.
