15:19:45 INFO  : updated workspace path: /home/mgianell/KF
15:19:45 INFO  : created .gitignore file for the project /home/mgianell/KF
15:19:45 INFO  : Marking the target connection as default Local
15:19:45 INFO  : Marking the target connection as default Linux Agent
15:19:45 INFO  : Marking the target connection as default XRTServer
15:19:45 INFO  : Marking the target connection as default LinuxEmulation
15:19:45 INFO  : Marking the target connection as default QEMU
15:19:45 INFO  : updated workspace path: /home/mgianell/KF
15:19:45 INFO  : created .gitignore file for the project /home/mgianell/KF
15:19:46 INFO  : Successfully created repository data at /tmp/rigel_lopper_mgianell11382948338838174716
15:19:46 INFO  : bash, -c, source /tools/Xilinx/Vitis/2023.2/tps/lnx64/lopper-1.1.0/env/bin/activate && python /tools/Xilinx/Vitis/2023.2/data/embeddedsw/scripts/pyesw//get_template_data.py -d /tmp/rigel_lopper_mgianell2293124537409429352 -r /tmp/rigel_lopper_mgianell11382948338838174716/.repo.yaml && deactivate
15:19:46 INFO  : Embedded Template List generated successfully
15:19:46 INFO  : bash, -c, source /tools/Xilinx/Vitis/2023.2/tps/lnx64/lopper-1.1.0/env/bin/activate && python /tools/Xilinx/Vitis/2023.2/data/embeddedsw/scripts/pyesw//repo.py -st   /tools/Xilinx/Vitis/2023.2/data/embeddedsw && deactivate
15:19:47 INFO  : Successfully created repository data at /home/mgianell/KF
15:19:47 INFO  : bash, -c, source /tools/Xilinx/Vitis/2023.2/tps/lnx64/lopper-1.1.0/env/bin/activate && python /tools/Xilinx/Vitis/2023.2/data/embeddedsw/scripts/pyesw//get_template_data.py -d /tmp/rigel_lopper_mgianell693984858141399373 -r /home/mgianell/KF/.repo.yaml && deactivate
15:19:47 INFO  : Embedded Template List generated successfully
15:19:47 INFO  : bash, -c, source /tools/Xilinx/Vitis/2023.2/tps/lnx64/lopper-1.1.0/env/bin/activate && python /tools/Xilinx/Vitis/2023.2/data/embeddedsw/scripts/pyesw//get_template_data.py -d /tmp/rigel_lopper_mgianell1582789335575191254 -r /home/mgianell/KF/.repo.yaml && deactivate
15:19:47 INFO  : Embedded Template List generated successfully
15:20:56 INFO  : created .gitignore file for the project /home/mgianell/KF/KalmanFil
19:47:37 INFO  : updated workspace path: /home/mgianell/KF
19:47:37 INFO  : bash, -c, source /tools/Xilinx/Vitis/2023.2/tps/lnx64/lopper-1.1.0/env/bin/activate && python /tools/Xilinx/Vitis/2023.2/data/embeddedsw/scripts/pyesw//get_template_data.py -d /tmp/rigel_lopper_mgianell17568172867751045094 -r /home/mgianell/KF/.repo.yaml && deactivate
19:47:37 INFO  : Embedded Template List generated successfully
19:52:54 INFO  : Terminating Vitis C++ Server
19:52:54 INFO  : Vitis C++ Server terminated
10:43:39 INFO  : updated workspace path: /home/mgianell/KF
10:43:39 INFO  : created .gitignore file for the project /home/mgianell/KF
10:43:48 INFO  : Successfully created repository data at /tmp/rigel_lopper_mgianell1012534560242996682
10:43:48 INFO  : bash, -c, source /tools/Xilinx/Vitis/2023.2/tps/lnx64/lopper-1.1.0/env/bin/activate && python /tools/Xilinx/Vitis/2023.2/data/embeddedsw/scripts/pyesw//get_template_data.py -d /tmp/rigel_lopper_mgianell12350082846713053944 -r /tmp/rigel_lopper_mgianell1012534560242996682/.repo.yaml && deactivate
10:43:48 INFO  : Embedded Template List generated successfully
10:43:48 INFO  : bash, -c, source /tools/Xilinx/Vitis/2023.2/tps/lnx64/lopper-1.1.0/env/bin/activate && python /tools/Xilinx/Vitis/2023.2/data/embeddedsw/scripts/pyesw//get_template_data.py -d /tmp/rigel_lopper_mgianell11369510138955406071 -r /home/mgianell/KF/.repo.yaml && deactivate
10:43:48 INFO  : Embedded Template List generated successfully
10:43:48 INFO  : bash, -c, source /tools/Xilinx/Vitis/2023.2/tps/lnx64/lopper-1.1.0/env/bin/activate && python /tools/Xilinx/Vitis/2023.2/data/embeddedsw/scripts/pyesw//repo.py -st  /tools/Xilinx/Vitis/2023.2/data/embeddedsw && deactivate
10:43:49 INFO  : Successfully created repository data at /tmp/rigel_lopper_mgianell13942057122222303603
10:43:49 INFO  : bash, -c, source /tools/Xilinx/Vitis/2023.2/tps/lnx64/lopper-1.1.0/env/bin/activate && python /tools/Xilinx/Vitis/2023.2/data/embeddedsw/scripts/pyesw//get_template_data.py -d /tmp/rigel_lopper_mgianell14685406208247716422 -r /tmp/rigel_lopper_mgianell13942057122222303603/.repo.yaml && deactivate
10:43:50 INFO  : Embedded Template List generated successfully
10:43:50 INFO  : bash, -c, source /tools/Xilinx/Vitis/2023.2/tps/lnx64/lopper-1.1.0/env/bin/activate && python /tools/Xilinx/Vitis/2023.2/data/embeddedsw/scripts/pyesw//repo.py -st  /tools/Xilinx/Vitis/2023.2/data/embeddedsw && deactivate
10:43:50 INFO  : Successfully created repository data at /tmp/rigel_lopper_mgianell12955257381857398243
10:43:50 INFO  : bash, -c, source /tools/Xilinx/Vitis/2023.2/tps/lnx64/lopper-1.1.0/env/bin/activate && python /tools/Xilinx/Vitis/2023.2/data/embeddedsw/scripts/pyesw//get_template_data.py -d /tmp/rigel_lopper_mgianell18361067090975281250 -r /tmp/rigel_lopper_mgianell12955257381857398243/.repo.yaml && deactivate
10:43:51 INFO  : Embedded Template List generated successfully
12:43:46 INFO  : Terminating Vitis C++ Server
12:43:46 INFO  : Vitis C++ Server terminated
15:04:35 INFO  : updated workspace path: /home/mgianell/KF
15:04:35 INFO  : created .gitignore file for the project /home/mgianell/KF
15:04:35 INFO  : bash, -c, source /tools/Xilinx/Vitis/2023.2/tps/lnx64/lopper-1.1.0/env/bin/activate && python /tools/Xilinx/Vitis/2023.2/data/embeddedsw/scripts/pyesw//get_template_data.py -d /tmp/rigel_lopper_mgianell4377906663175922615 -r /home/mgianell/KF/.repo.yaml && deactivate
15:04:35 INFO  : Embedded Template List generated successfully
15:07:30 INFO  : Terminating Vitis C++ Server
15:07:30 INFO  : Vitis C++ Server terminated
